{"uuid":"911b31ae-43cc-4247-964b-c892c01daa00","historyId":"701c2b382595adb8dac4bfc4571af307","fullName":"To validate Queue Data Structure: User enters Invalid Python code and Presented with Error Message","labels":[{"name":"host","value":"LAPTOP-O96ATTOQ"},{"name":"thread","value":"27348@LAPTOP-O96ATTOQ.main(1)"},{"name":"feature","value":"To validate Queue Data Structure"},{"name":"story","value":"User enters Invalid Python code and Presented with Error Message"},{"name":"suite","value":"To validate Queue Data Structure"},{"name":"testClass","value":"User enters Invalid Python code and Presented with Error Message"},{"name":"framework","value":"cucumber4jvm"},{"name":"language","value":"java"},{"name":"gherkin_uri","value":"file:///C:/Users/Padma/eclipse-kalpanasworkspace/SDET100/numpy_ninja_ds_algo/src/test/resources/features/TC08_QueuePage.feature"},{"name":"package","value":"src.test.resources.features.TC08_QueuePage_feature.To validate Queue Data Structure"}],"links":[],"name":"User enters Invalid Python code and Presented with Error Message","status":"broken","statusDetails":{"known":false,"muted":false,"flaky":false,"message":"no such window: target window already closed\nfrom unknown error: web view not found\n  (Session info: chrome=111.0.5563.149)\nBuild info: version: '4.8.1', revision: '8ebccac989'\nSystem info: os.name: 'Windows 10', os.arch: 'amd64', os.version: '10.0', java.version: '19.0.1'\nDriver info: org.openqa.selenium.chrome.ChromeDriver\nCommand: [b8d42984594aaa1c06f31feb7303abea, get {url=https://dsportalapp.herokuapp.com/queue/implementation-lists/}]\nCapabilities {acceptInsecureCerts: false, browserName: chrome, browserVersion: 111.0.5563.149, chrome: {chromedriverVersion: 111.0.5563.64 (c710e93d5b63..., userDataDir: C:\\Users\\Padma\\AppData\\Loca...}, goog:chromeOptions: {debuggerAddress: localhost:52317}, networkConnectionEnabled: false, pageLoadStrategy: normal, platformName: WINDOWS, proxy: Proxy(), se:cdp: ws://localhost:52317/devtoo..., se:cdpVersion: 111.0.5563.149, setWindowRect: true, strictFileInteractability: false, timeouts: {implicit: 0, pageLoad: 300000, script: 30000}, unhandledPromptBehavior: dismiss and notify, webauthn:extension:credBlob: true, webauthn:extension:largeBlob: true, webauthn:extension:minPinLength: true, webauthn:extension:prf: true, webauthn:virtualAuthenticators: true}\nSession ID: b8d42984594aaa1c06f31feb7303abea","trace":"org.openqa.selenium.NoSuchWindowException: no such window: target window already closed\nfrom unknown error: web view not found\n  (Session info: chrome=111.0.5563.149)\nBuild info: version: '4.8.1', revision: '8ebccac989'\nSystem info: os.name: 'Windows 10', os.arch: 'amd64', os.version: '10.0', java.version: '19.0.1'\nDriver info: org.openqa.selenium.chrome.ChromeDriver\nCommand: [b8d42984594aaa1c06f31feb7303abea, get {url=https://dsportalapp.herokuapp.com/queue/implementation-lists/}]\nCapabilities {acceptInsecureCerts: false, browserName: chrome, browserVersion: 111.0.5563.149, chrome: {chromedriverVersion: 111.0.5563.64 (c710e93d5b63..., userDataDir: C:\\Users\\Padma\\AppData\\Loca...}, goog:chromeOptions: {debuggerAddress: localhost:52317}, networkConnectionEnabled: false, pageLoadStrategy: normal, platformName: WINDOWS, proxy: Proxy(), se:cdp: ws://localhost:52317/devtoo..., se:cdpVersion: 111.0.5563.149, setWindowRect: true, strictFileInteractability: false, timeouts: {implicit: 0, pageLoad: 300000, script: 30000}, unhandledPromptBehavior: dismiss and notify, webauthn:extension:credBlob: true, webauthn:extension:largeBlob: true, webauthn:extension:minPinLength: true, webauthn:extension:prf: true, webauthn:virtualAuthenticators: true}\nSession ID: b8d42984594aaa1c06f31feb7303abea\r\n\tat java.base/jdk.internal.reflect.DirectConstructorHandleAccessor.newInstance(DirectConstructorHandleAccessor.java:67)\r\n\tat java.base/java.lang.reflect.Constructor.newInstanceWithCaller(Constructor.java:500)\r\n\tat java.base/java.lang.reflect.Constructor.newInstance(Constructor.java:484)\r\n\tat org.openqa.selenium.remote.codec.w3c.W3CHttpResponseCodec.createException(W3CHttpResponseCodec.java:200)\r\n\tat org.openqa.selenium.remote.codec.w3c.W3CHttpResponseCodec.decode(W3CHttpResponseCodec.java:133)\r\n\tat org.openqa.selenium.remote.codec.w3c.W3CHttpResponseCodec.decode(W3CHttpResponseCodec.java:53)\r\n\tat org.openqa.selenium.remote.HttpCommandExecutor.execute(HttpCommandExecutor.java:184)\r\n\tat org.openqa.selenium.remote.service.DriverCommandExecutor.invokeExecute(DriverCommandExecutor.java:167)\r\n\tat org.openqa.selenium.remote.service.DriverCommandExecutor.execute(DriverCommandExecutor.java:142)\r\n\tat org.openqa.selenium.remote.RemoteWebDriver.execute(RemoteWebDriver.java:543)\r\n\tat org.openqa.selenium.remote.RemoteWebDriver.get(RemoteWebDriver.java:297)\r\n\tat pageObjectModel.Queue_POM.call_que_implement(Queue_POM.java:52)\r\n\tat stepDefination.Queue_SD.user_is_navigated_to_Implementation_of_queue_in_python(Queue_SD.java:94)\r\n\tat ✽.User is navigated to Implementation of Queue in python(file:///C:/Users/Padma/eclipse-kalpanasworkspace/SDET100/numpy_ninja_ds_algo/src/test/resources/features/TC08_QueuePage.feature:25)\r\n"},"stage":"finished","steps":[{"name":"Given  User is navigated to Implementation of Queue in python","status":"broken","statusDetails":{"known":false,"muted":false,"flaky":false,"message":"no such window: target window already closed\nfrom unknown error: web view not found\n  (Session info: chrome=111.0.5563.149)\nBuild info: version: '4.8.1', revision: '8ebccac989'\nSystem info: os.name: 'Windows 10', os.arch: 'amd64', os.version: '10.0', java.version: '19.0.1'\nDriver info: org.openqa.selenium.chrome.ChromeDriver\nCommand: [b8d42984594aaa1c06f31feb7303abea, get {url=https://dsportalapp.herokuapp.com/queue/implementation-lists/}]\nCapabilities {acceptInsecureCerts: false, browserName: chrome, browserVersion: 111.0.5563.149, chrome: {chromedriverVersion: 111.0.5563.64 (c710e93d5b63..., userDataDir: C:\\Users\\Padma\\AppData\\Loca...}, goog:chromeOptions: {debuggerAddress: localhost:52317}, networkConnectionEnabled: false, pageLoadStrategy: normal, platformName: WINDOWS, proxy: Proxy(), se:cdp: ws://localhost:52317/devtoo..., se:cdpVersion: 111.0.5563.149, setWindowRect: true, strictFileInteractability: false, timeouts: {implicit: 0, pageLoad: 300000, script: 30000}, unhandledPromptBehavior: dismiss and notify, webauthn:extension:credBlob: true, webauthn:extension:largeBlob: true, webauthn:extension:minPinLength: true, webauthn:extension:prf: true, webauthn:virtualAuthenticators: true}\nSession ID: b8d42984594aaa1c06f31feb7303abea","trace":"org.openqa.selenium.NoSuchWindowException: no such window: target window already closed\nfrom unknown error: web view not found\n  (Session info: chrome=111.0.5563.149)\nBuild info: version: '4.8.1', revision: '8ebccac989'\nSystem info: os.name: 'Windows 10', os.arch: 'amd64', os.version: '10.0', java.version: '19.0.1'\nDriver info: org.openqa.selenium.chrome.ChromeDriver\nCommand: [b8d42984594aaa1c06f31feb7303abea, get {url=https://dsportalapp.herokuapp.com/queue/implementation-lists/}]\nCapabilities {acceptInsecureCerts: false, browserName: chrome, browserVersion: 111.0.5563.149, chrome: {chromedriverVersion: 111.0.5563.64 (c710e93d5b63..., userDataDir: C:\\Users\\Padma\\AppData\\Loca...}, goog:chromeOptions: {debuggerAddress: localhost:52317}, networkConnectionEnabled: false, pageLoadStrategy: normal, platformName: WINDOWS, proxy: Proxy(), se:cdp: ws://localhost:52317/devtoo..., se:cdpVersion: 111.0.5563.149, setWindowRect: true, strictFileInteractability: false, timeouts: {implicit: 0, pageLoad: 300000, script: 30000}, unhandledPromptBehavior: dismiss and notify, webauthn:extension:credBlob: true, webauthn:extension:largeBlob: true, webauthn:extension:minPinLength: true, webauthn:extension:prf: true, webauthn:virtualAuthenticators: true}\nSession ID: b8d42984594aaa1c06f31feb7303abea\r\n\tat java.base/jdk.internal.reflect.DirectConstructorHandleAccessor.newInstance(DirectConstructorHandleAccessor.java:67)\r\n\tat java.base/java.lang.reflect.Constructor.newInstanceWithCaller(Constructor.java:500)\r\n\tat java.base/java.lang.reflect.Constructor.newInstance(Constructor.java:484)\r\n\tat org.openqa.selenium.remote.codec.w3c.W3CHttpResponseCodec.createException(W3CHttpResponseCodec.java:200)\r\n\tat org.openqa.selenium.remote.codec.w3c.W3CHttpResponseCodec.decode(W3CHttpResponseCodec.java:133)\r\n\tat org.openqa.selenium.remote.codec.w3c.W3CHttpResponseCodec.decode(W3CHttpResponseCodec.java:53)\r\n\tat org.openqa.selenium.remote.HttpCommandExecutor.execute(HttpCommandExecutor.java:184)\r\n\tat org.openqa.selenium.remote.service.DriverCommandExecutor.invokeExecute(DriverCommandExecutor.java:167)\r\n\tat org.openqa.selenium.remote.service.DriverCommandExecutor.execute(DriverCommandExecutor.java:142)\r\n\tat org.openqa.selenium.remote.RemoteWebDriver.execute(RemoteWebDriver.java:543)\r\n\tat org.openqa.selenium.remote.RemoteWebDriver.get(RemoteWebDriver.java:297)\r\n\tat pageObjectModel.Queue_POM.call_que_implement(Queue_POM.java:52)\r\n\tat stepDefination.Queue_SD.user_is_navigated_to_Implementation_of_queue_in_python(Queue_SD.java:94)\r\n\tat ✽.User is navigated to Implementation of Queue in python(file:///C:/Users/Padma/eclipse-kalpanasworkspace/SDET100/numpy_ninja_ds_algo/src/test/resources/features/TC08_QueuePage.feature:25)\r\n"},"stage":"finished","steps":[],"attachments":[],"parameters":[],"start":1681532712693,"stop":1681532712700},{"name":"When  User clicks on Try here button","status":"skipped","statusDetails":{"known":false,"muted":false,"flaky":false},"stage":"finished","steps":[],"attachments":[],"parameters":[],"start":1681532712709,"stop":1681532712710},{"name":"And  User Enters  Invalid python code \"print'Hello, world!')\" in the Editor","status":"skipped","statusDetails":{"known":false,"muted":false,"flaky":false},"stage":"finished","steps":[],"attachments":[],"parameters":[],"start":1681532712711,"stop":1681532712712},{"name":"And  clicks on Run Button","status":"skipped","statusDetails":{"known":false,"muted":false,"flaky":false},"stage":"finished","steps":[],"attachments":[],"parameters":[],"start":1681532712713,"stop":1681532712714},{"name":"Then  The User is Presented with a Error Message for Invalid python code","status":"skipped","statusDetails":{"known":false,"muted":false,"flaky":false},"stage":"finished","steps":[],"attachments":[],"parameters":[],"start":1681532712715,"stop":1681532712716}],"attachments":[],"parameters":[],"start":1681532712693,"stop":1681532712717}