{"uuid":"bc8a3ef3-6361-4b94-aa6a-43dee0ef8339","historyId":"825273f8b69f2c678197a33d337e0d43","fullName":"To Validate Graph Data Structure: User should be able to enter a invalid Python code and Presented with Error Message","labels":[{"name":"host","value":"LAPTOP-O96ATTOQ"},{"name":"thread","value":"3720@LAPTOP-O96ATTOQ.main(1)"},{"name":"feature","value":"To Validate Graph Data Structure"},{"name":"story","value":"User should be able to enter a invalid Python code and Presented with Error Message"},{"name":"suite","value":"To Validate Graph Data Structure"},{"name":"testClass","value":"User should be able to enter a invalid Python code and Presented with Error Message"},{"name":"framework","value":"cucumber4jvm"},{"name":"language","value":"java"},{"name":"gherkin_uri","value":"file:///C:/Users/Padma/eclipse-kalpanasworkspace/SDET100/numpy_ninja_ds_algo/src/test/resources/features/TC10_GraphPage.feature"},{"name":"package","value":"src.test.resources.features.TC10_GraphPage_feature.To Validate Graph Data Structure"}],"links":[],"name":"User should be able to enter a invalid Python code and Presented with Error Message","status":"broken","statusDetails":{"known":false,"muted":false,"flaky":false,"message":"Unable to find element with locator By.xpath: //button[text()='Run']\nFor documentation on this error, please visit: https://selenium.dev/exceptions/#no_such_element\nBuild info: version: '4.8.1', revision: '8ebccac989'\nSystem info: os.name: 'Windows 10', os.arch: 'amd64', os.version: '10.0', java.version: '19.0.1'\nDriver info: driver.version: RemoteWebDriver","trace":"org.openqa.selenium.NoSuchElementException: Unable to find element with locator By.xpath: //button[text()='Run']\nFor documentation on this error, please visit: https://selenium.dev/exceptions/#no_such_element\nBuild info: version: '4.8.1', revision: '8ebccac989'\nSystem info: os.name: 'Windows 10', os.arch: 'amd64', os.version: '10.0', java.version: '19.0.1'\nDriver info: driver.version: RemoteWebDriver\r\n\tat org.openqa.selenium.remote.ElementLocation$ElementFinder$2.findElement(ElementLocation.java:165)\r\n\tat org.openqa.selenium.remote.ElementLocation.findElement(ElementLocation.java:60)\r\n\tat org.openqa.selenium.remote.RemoteWebDriver.findElement(RemoteWebDriver.java:352)\r\n\tat org.openqa.selenium.remote.RemoteWebDriver.findElement(RemoteWebDriver.java:344)\r\n\tat org.openqa.selenium.support.pagefactory.DefaultElementLocator.findElement(DefaultElementLocator.java:70)\r\n\tat org.openqa.selenium.support.pagefactory.internal.LocatingElementHandler.invoke(LocatingElementHandler.java:39)\r\n\tat jdk.proxy2/jdk.proxy2.$Proxy43.click(Unknown Source)\r\n\tat pageObjectModel.GraphPage_POM.run_button(GraphPage_POM.java:62)\r\n\tat stepDefination.Graph_SD.clicks_on_run_button(Graph_SD.java:78)\r\n\tat ✽.clicks on Run button(file:///C:/Users/Padma/eclipse-kalpanasworkspace/SDET100/numpy_ninja_ds_algo/src/test/resources/features/TC10_GraphPage.feature:36)\r\n"},"stage":"finished","steps":[{"name":"Given  User is on tryEditor Page","status":"passed","statusDetails":{"known":false,"muted":false,"flaky":false},"stage":"finished","steps":[],"attachments":[],"parameters":[],"start":1681587595508,"stop":1681587595508},{"name":"When  User enters  code \"print(Graph Representation\"","status":"passed","statusDetails":{"known":false,"muted":false,"flaky":false},"stage":"finished","steps":[],"attachments":[],"parameters":[],"start":1681587595510,"stop":1681587595664},{"name":"And  clicks on Run button","status":"broken","statusDetails":{"known":false,"muted":false,"flaky":false,"message":"Unable to find element with locator By.xpath: //button[text()='Run']\nFor documentation on this error, please visit: https://selenium.dev/exceptions/#no_such_element\nBuild info: version: '4.8.1', revision: '8ebccac989'\nSystem info: os.name: 'Windows 10', os.arch: 'amd64', os.version: '10.0', java.version: '19.0.1'\nDriver info: driver.version: RemoteWebDriver","trace":"org.openqa.selenium.NoSuchElementException: Unable to find element with locator By.xpath: //button[text()='Run']\nFor documentation on this error, please visit: https://selenium.dev/exceptions/#no_such_element\nBuild info: version: '4.8.1', revision: '8ebccac989'\nSystem info: os.name: 'Windows 10', os.arch: 'amd64', os.version: '10.0', java.version: '19.0.1'\nDriver info: driver.version: RemoteWebDriver\r\n\tat org.openqa.selenium.remote.ElementLocation$ElementFinder$2.findElement(ElementLocation.java:165)\r\n\tat org.openqa.selenium.remote.ElementLocation.findElement(ElementLocation.java:60)\r\n\tat org.openqa.selenium.remote.RemoteWebDriver.findElement(RemoteWebDriver.java:352)\r\n\tat org.openqa.selenium.remote.RemoteWebDriver.findElement(RemoteWebDriver.java:344)\r\n\tat org.openqa.selenium.support.pagefactory.DefaultElementLocator.findElement(DefaultElementLocator.java:70)\r\n\tat org.openqa.selenium.support.pagefactory.internal.LocatingElementHandler.invoke(LocatingElementHandler.java:39)\r\n\tat jdk.proxy2/jdk.proxy2.$Proxy43.click(Unknown Source)\r\n\tat pageObjectModel.GraphPage_POM.run_button(GraphPage_POM.java:62)\r\n\tat stepDefination.Graph_SD.clicks_on_run_button(Graph_SD.java:78)\r\n\tat ✽.clicks on Run button(file:///C:/Users/Padma/eclipse-kalpanasworkspace/SDET100/numpy_ninja_ds_algo/src/test/resources/features/TC10_GraphPage.feature:36)\r\n"},"stage":"finished","steps":[],"attachments":[],"parameters":[],"start":1681587595666,"stop":1681587599916},{"name":"Then  User is presented with Error Message","status":"skipped","statusDetails":{"known":false,"muted":false,"flaky":false},"stage":"finished","steps":[],"attachments":[],"parameters":[],"start":1681587599927,"stop":1681587599928}],"attachments":[],"parameters":[],"start":1681587595507,"stop":1681587599929}